[debug] ----------------------------------------------------------------------
[debug] Command:      D:\Program Files\nodejs\node.exe C:\Users\blehnig\AppData\Roaming\npm\node_modules\firebase-tools\bin\firebase serve -p 8080
[debug] CLI Version:  3.9.0
[debug] Platform:     win32
[debug] Node Version: v6.9.5
[debug] Time:         Fri Jun 09 2017 13:49:20 GMT+0200 (Romance Daylight Time)
[debug] ----------------------------------------------------------------------
[debug] 
[debug] > command requires scopes: ["email","openid","https://www.googleapis.com/auth/cloudplatformprojects.readonly","https://www.googleapis.com/auth/firebase","https://www.googleapis.com/auth/cloud-platform"]
[debug] > refreshing access token with scopes: ["email","https://www.googleapis.com/auth/cloud-platform","https://www.googleapis.com/auth/cloudplatformprojects.readonly","https://www.googleapis.com/auth/firebase","openid"]
[debug] >>> HTTP REQUEST POST https://www.googleapis.com/oauth2/v3/token { refresh_token: '1/4bIuJIDd9cRCrXgvfSxPihkZSJzifRPzdYog9d6wNdM',
  client_id: '563584335869-fgrhgmd47bqnekij5i8b5pr03ho849e6.apps.googleusercontent.com',
  client_secret: 'j9iVZfS8kkCEFUPaAeJV0sAi',
  grant_type: 'refresh_token',
  scope: 'email https://www.googleapis.com/auth/cloud-platform https://www.googleapis.com/auth/cloudplatformprojects.readonly https://www.googleapis.com/auth/firebase openid' } 
 Fri Jun 09 2017 13:49:20 GMT+0200 (Romance Daylight Time)
[debug] <<< HTTP RESPONSE 200
[debug] >>> HTTP REQUEST GET https://admin.firebase.com/v1/projects/yopi-6527c  
 Fri Jun 09 2017 13:49:20 GMT+0200 (Romance Daylight Time)
[debug] <<< HTTP RESPONSE 200
[debug] >>> HTTP REQUEST GET https://admin.firebase.com/v1/database/yopi-6527c/tokens  
 Fri Jun 09 2017 13:49:21 GMT+0200 (Romance Daylight Time)
[debug] <<< HTTP RESPONSE 200
[info] 
[info] === Serving from 'D:\Documents\Perso\where2when\where2when'...
[info] 
[debug] >>> HTTP REQUEST GET https://cloudresourcemanager.googleapis.com/v1/projects/yopi-6527c  
 Fri Jun 09 2017 13:49:22 GMT+0200 (Romance Daylight Time)
[debug] <<< HTTP RESPONSE 200
[debug] >>> HTTP REQUEST GET https://mobilesdk-pa.googleapis.com/v1/projects/977983919694/clients/_:getWebAppConfig  
 Fri Jun 09 2017 13:49:23 GMT+0200 (Romance Daylight Time)
[debug] <<< HTTP RESPONSE 200
[info] i  hosting: Serving hosting files from: public
[info] +  hosting: Local server: http://localhost:8080

