[debug] [2017-07-11T13:19:53.044Z] ----------------------------------------------------------------------
[debug] [2017-07-11T13:19:53.046Z] Command:      D:\Program Files\NodeJS\node.exe C:\Users\lricci\AppData\Roaming\npm\node_modules\firebase-tools\bin\firebase serve -p 2000
[debug] [2017-07-11T13:19:53.047Z] CLI Version:  3.9.1
[debug] [2017-07-11T13:19:53.047Z] Platform:     win32
[debug] [2017-07-11T13:19:53.047Z] Node Version: v6.10.0
[debug] [2017-07-11T13:19:53.047Z] Time:         Tue Jul 11 2017 15:19:53 GMT+0200 (Romance Daylight Time)
[debug] [2017-07-11T13:19:53.047Z] ----------------------------------------------------------------------
[debug] 
[debug] [2017-07-11T13:19:53.058Z] > command requires scopes: ["email","openid","https://www.googleapis.com/auth/cloudplatformprojects.readonly","https://www.googleapis.com/auth/firebase","https://www.googleapis.com/auth/cloud-platform"]
[debug] [2017-07-11T13:19:53.059Z] > authorizing via signed-in user
[debug] [2017-07-11T13:19:53.061Z] > refreshing access token with scopes: ["email","https://www.googleapis.com/auth/cloud-platform","https://www.googleapis.com/auth/cloudplatformprojects.readonly","https://www.googleapis.com/auth/firebase","openid"]
[debug] [2017-07-11T13:19:53.061Z] >>> HTTP REQUEST POST https://www.googleapis.com/oauth2/v3/token { refresh_token: '1/CuUG_MtRiRejqOnqc_l-h-DQhrQA6ab62VqU2SZAk1k',
  client_id: '563584335869-fgrhgmd47bqnekij5i8b5pr03ho849e6.apps.googleusercontent.com',
  client_secret: 'j9iVZfS8kkCEFUPaAeJV0sAi',
  grant_type: 'refresh_token',
  scope: 'email https://www.googleapis.com/auth/cloud-platform https://www.googleapis.com/auth/cloudplatformprojects.readonly https://www.googleapis.com/auth/firebase openid' } 
 Tue Jul 11 2017 15:19:53 GMT+0200 (Romance Daylight Time)
[debug] [2017-07-11T13:19:54.009Z] <<< HTTP RESPONSE 200
[debug] [2017-07-11T13:19:54.014Z] >>> HTTP REQUEST GET https://admin.firebase.com/v1/projects/yopi-6527c  
 Tue Jul 11 2017 15:19:54 GMT+0200 (Romance Daylight Time)
[debug] [2017-07-11T13:19:55.169Z] <<< HTTP RESPONSE 200
[debug] [2017-07-11T13:19:55.169Z] >>> HTTP REQUEST GET https://admin.firebase.com/v1/database/yopi-6527c/tokens  
 Tue Jul 11 2017 15:19:55 GMT+0200 (Romance Daylight Time)
[debug] [2017-07-11T13:19:56.096Z] <<< HTTP RESPONSE 200
[info] 
[info] === Serving from 'D:\git_clones\where2when\where2when'...
[info] 
[debug] [2017-07-11T13:19:56.100Z] >>> HTTP REQUEST GET https://cloudresourcemanager.googleapis.com/v1/projects/yopi-6527c  
 Tue Jul 11 2017 15:19:56 GMT+0200 (Romance Daylight Time)
[debug] [2017-07-11T13:19:57.118Z] <<< HTTP RESPONSE 200
[debug] [2017-07-11T13:19:57.119Z] >>> HTTP REQUEST GET https://mobilesdk-pa.googleapis.com/v1/projects/977983919694/clients/_:getWebAppConfig  
 Tue Jul 11 2017 15:19:57 GMT+0200 (Romance Daylight Time)
[debug] [2017-07-11T13:19:58.371Z] <<< HTTP RESPONSE 200
[info] i  hosting: Serving hosting files from: public
[info] +  hosting: Local server: http://localhost:2000

