[debug] [2017-06-23T08:41:43.054Z] ----------------------------------------------------------------------
[debug] [2017-06-23T08:41:43.056Z] Command:      D:\Program Files\NodeJS\node.exe C:\Users\lricci\AppData\Roaming\npm\node_modules\firebase-tools\bin\firebase serve -p 200
[debug] [2017-06-23T08:41:43.057Z] CLI Version:  3.9.1
[debug] [2017-06-23T08:41:43.057Z] Platform:     win32
[debug] [2017-06-23T08:41:43.057Z] Node Version: v6.10.0
[debug] [2017-06-23T08:41:43.058Z] Time:         Fri Jun 23 2017 10:41:43 GMT+0200 (Romance Daylight Time)
[debug] [2017-06-23T08:41:43.058Z] ----------------------------------------------------------------------
[debug] 
[debug] [2017-06-23T08:41:43.070Z] > command requires scopes: ["email","openid","https://www.googleapis.com/auth/cloudplatformprojects.readonly","https://www.googleapis.com/auth/firebase","https://www.googleapis.com/auth/cloud-platform"]
[debug] [2017-06-23T08:41:43.071Z] > authorizing via signed-in user
[debug] [2017-06-23T08:41:43.073Z] > refreshing access token with scopes: ["email","https://www.googleapis.com/auth/cloud-platform","https://www.googleapis.com/auth/cloudplatformprojects.readonly","https://www.googleapis.com/auth/firebase","openid"]
[debug] [2017-06-23T08:41:43.073Z] >>> HTTP REQUEST POST https://www.googleapis.com/oauth2/v3/token { refresh_token: '1/CuUG_MtRiRejqOnqc_l-h-DQhrQA6ab62VqU2SZAk1k',
  client_id: '563584335869-fgrhgmd47bqnekij5i8b5pr03ho849e6.apps.googleusercontent.com',
  client_secret: 'j9iVZfS8kkCEFUPaAeJV0sAi',
  grant_type: 'refresh_token',
  scope: 'email https://www.googleapis.com/auth/cloud-platform https://www.googleapis.com/auth/cloudplatformprojects.readonly https://www.googleapis.com/auth/firebase openid' } 
 Fri Jun 23 2017 10:41:43 GMT+0200 (Romance Daylight Time)
[debug] [2017-06-23T08:41:43.302Z] <<< HTTP RESPONSE 200
[debug] [2017-06-23T08:41:43.308Z] >>> HTTP REQUEST GET https://admin.firebase.com/v1/projects/yopi-6527c  
 Fri Jun 23 2017 10:41:43 GMT+0200 (Romance Daylight Time)
[debug] [2017-06-23T08:41:44.019Z] <<< HTTP RESPONSE 200
[debug] [2017-06-23T08:41:44.020Z] >>> HTTP REQUEST GET https://admin.firebase.com/v1/database/yopi-6527c/tokens  
 Fri Jun 23 2017 10:41:44 GMT+0200 (Romance Daylight Time)
[debug] [2017-06-23T08:41:44.652Z] <<< HTTP RESPONSE 200
[info] 
[info] === Serving from 'D:\git_clones\where2when\where2when'...
[info] 
[debug] [2017-06-23T08:41:44.655Z] >>> HTTP REQUEST GET https://cloudresourcemanager.googleapis.com/v1/projects/yopi-6527c  
 Fri Jun 23 2017 10:41:44 GMT+0200 (Romance Daylight Time)
[debug] [2017-06-23T08:41:45.432Z] <<< HTTP RESPONSE 200
[debug] [2017-06-23T08:41:45.432Z] >>> HTTP REQUEST GET https://mobilesdk-pa.googleapis.com/v1/projects/977983919694/clients/_:getWebAppConfig  
 Fri Jun 23 2017 10:41:45 GMT+0200 (Romance Daylight Time)
[debug] [2017-06-23T08:41:46.431Z] <<< HTTP RESPONSE 200
[info] i  hosting: Serving hosting files from: public
[info] +  hosting: Local server: http://localhost:200

[debug] [2017-06-26T12:36:29.043Z] ----------------------------------------------------------------------
[debug] [2017-06-26T12:36:29.046Z] Command:      D:\Program Files\NodeJS\node.exe C:\Users\lricci\AppData\Roaming\npm\node_modules\firebase-tools\bin\firebase serve -p 2000
[debug] [2017-06-26T12:36:29.046Z] CLI Version:  3.9.1
[debug] [2017-06-26T12:36:29.046Z] Platform:     win32
[debug] [2017-06-26T12:36:29.046Z] Node Version: v6.10.0
[debug] [2017-06-26T12:36:29.047Z] Time:         Mon Jun 26 2017 14:36:29 GMT+0200 (Romance Daylight Time)
[debug] [2017-06-26T12:36:29.047Z] ----------------------------------------------------------------------
[debug] 
[debug] [2017-06-26T12:36:29.060Z] > command requires scopes: ["email","openid","https://www.googleapis.com/auth/cloudplatformprojects.readonly","https://www.googleapis.com/auth/firebase","https://www.googleapis.com/auth/cloud-platform"]
[debug] [2017-06-26T12:36:29.061Z] > authorizing via signed-in user
[debug] [2017-06-26T12:36:29.062Z] > refreshing access token with scopes: ["email","https://www.googleapis.com/auth/cloud-platform","https://www.googleapis.com/auth/cloudplatformprojects.readonly","https://www.googleapis.com/auth/firebase","openid"]
[debug] [2017-06-26T12:36:29.063Z] >>> HTTP REQUEST POST https://www.googleapis.com/oauth2/v3/token { refresh_token: '1/CuUG_MtRiRejqOnqc_l-h-DQhrQA6ab62VqU2SZAk1k',
  client_id: '563584335869-fgrhgmd47bqnekij5i8b5pr03ho849e6.apps.googleusercontent.com',
  client_secret: 'j9iVZfS8kkCEFUPaAeJV0sAi',
  grant_type: 'refresh_token',
  scope: 'email https://www.googleapis.com/auth/cloud-platform https://www.googleapis.com/auth/cloudplatformprojects.readonly https://www.googleapis.com/auth/firebase openid' } 
 Mon Jun 26 2017 14:36:29 GMT+0200 (Romance Daylight Time)
[debug] [2017-06-26T12:36:29.785Z] <<< HTTP RESPONSE 200
[debug] [2017-06-26T12:36:29.791Z] >>> HTTP REQUEST GET https://admin.firebase.com/v1/projects/yopi-6527c  
 Mon Jun 26 2017 14:36:29 GMT+0200 (Romance Daylight Time)
[debug] [2017-06-26T12:36:30.821Z] <<< HTTP RESPONSE 200
[debug] [2017-06-26T12:36:30.822Z] >>> HTTP REQUEST GET https://admin.firebase.com/v1/database/yopi-6527c/tokens  
 Mon Jun 26 2017 14:36:30 GMT+0200 (Romance Daylight Time)
[debug] [2017-06-26T12:36:31.443Z] <<< HTTP RESPONSE 200
[info] 
[info] === Serving from 'D:\git_clones\where2when\where2when'...
[info] 
[debug] [2017-06-26T12:36:31.446Z] >>> HTTP REQUEST GET https://cloudresourcemanager.googleapis.com/v1/projects/yopi-6527c  
 Mon Jun 26 2017 14:36:31 GMT+0200 (Romance Daylight Time)
[debug] [2017-06-26T12:36:32.975Z] <<< HTTP RESPONSE 200
[debug] [2017-06-26T12:36:32.976Z] >>> HTTP REQUEST GET https://mobilesdk-pa.googleapis.com/v1/projects/977983919694/clients/_:getWebAppConfig  
 Mon Jun 26 2017 14:36:32 GMT+0200 (Romance Daylight Time)
[debug] [2017-06-26T12:36:33.506Z] <<< HTTP RESPONSE 200
[info] i  hosting: Serving hosting files from: public
[info] +  hosting: Local server: http://localhost:2000

